<?xml version="1.0" encoding="utf-8"?>
<shfbBuild product="Sandcastle Help File Builder and Tools" version="2023.7.8.0" projectFile="C:\Users\sur\source\repos\ProjectCPNVPersoGYRE\ADsFusion\Documentations\doc.shfbproj" started="22.09.2023 11:20:24">
<buildStep step="Initializing">
The Sandcastle tools are located in &#39;C:\Program Files (x86)\EWSoftware\Sandcastle Help File Builder&#39;
Locating components in the following folder(s):
    C:\Users\sur\source\repos\ProjectCPNVPersoGYRE\ADsFusion\Documentations
    C:\ProgramData\EWSoftware\Sandcastle Help File Builder\Components and Plug-Ins
    C:\Program Files (x86)\EWSoftware\Sandcastle Help File Builder\Components
Using framework reflection data for &#39;.NET Framework 4.7.2&#39; located in &#39;C:\Program Files (x86)\EWSoftware\Sandcastle Help File Builder\Data\.NETFramework&#39;
Using presentation style &#39;Default2022&#39; located in &#39;C:\Program Files (x86)\EWSoftware\Sandcastle Help File Builder\Components\Default2022&#39;
Loading and initializing plug-ins...
Website Table of Contents Generator Version 2023.7.8.0
Copyright &#169; 2006-2023, Eric Woodruff, All Rights Reserved
-------------------------------
Clearing any prior web/markdown output...
</buildStep>
<buildStep step="ValidatingDocumentationSources">
Validating and copying documentation source information
Source: C:\Users\sur\source\repos\ProjectCPNVPersoGYRE\ADsFusion\ADsFusion.sln
    Found project &#39;C:\Users\sur\source\repos\ProjectCPNVPersoGYRE\ADsFusion\ADsFusion\ADsFusion.csproj&#39;

Parsing project files
    Found assembly &#39;C:\Users\sur\source\repos\ProjectCPNVPersoGYRE\ADsFusion\ADsFusion\bin\Debug\ADsFusion.exe&#39; (.NETFramework 4.7.2)

References to include:
    CsvHelper
    Microsoft.Bcl.AsyncInterfaces
    Microsoft.Bcl.HashCode
    System.Buffers
    System.Memory
    System.Numerics.Vectors
    System.Runtime.CompilerServices.Unsafe
    System.Security.AccessControl
    System.Security.Permissions
    System.Security.Principal.Windows
    System.Text.Encodings.Web
    System.Text.Json
    System.Threading.Tasks.Extensions
    System.ValueTuple

Copying XML comments files
    C:\Users\sur\source\repos\ProjectCPNVPersoGYRE\ADsFusion\ADsFusion\bin\Debug\ADsFusion.xml -&gt; C:\Users\sur\source\repos\ProjectCPNVPersoGYRE\ADsFusion\Documentations\Help\Working\ADsFusion.xml
</buildStep>
<buildStep step="GenerateSharedContent">
Generating shared content files (en-US, Anglais (&#201;tats-Unis))...
    Last step completed in 00:00:00.0010
</buildStep>
<buildStep step="GenerateApiFilter">
Generating API filter for MRefBuilder...
    Last step completed in 00:00:00.0011
</buildStep>
<buildStep step="GenerateReflectionInfo">
Generating reflection information...
[C:\Program Files\Microsoft Visual Studio\2022\Community\MSBuild\Current\Bin\amd64\MSBuild.exe - GenerateRefInfo-65739de4-e618-46b7-9a64-23daec34d288.proj]
La g‚n‚ration a d‚marr‚ 22.09.2023 11:20:24.

Projet &quot;C:\Users\sur\source\repos\ProjectCPNVPersoGYRE\ADsFusion\Documentations\Help\Working\GenerateRefInfo-65739de4-e618-46b7-9a64-23daec34d288.proj&quot; sur le noud 1 (cibles par d‚faut).
PrepareForBuild:
  Cr‚ation du r‚pertoire &quot;obj\Debug\&quot;.
GenerateRefInfo:
  Microsoft.Build (v17.7.2+d6990bcfaf520c0d215a194fad0617f7efad68b4)
  &#184; Microsoft Corporation. All rights reserved.
  No source code context base path specified.  Source context information is unavailable.
  Loaded 1 assemblies for reflection and 15 dependency assemblies.
  Wrote information on 1 namespaces, 9 types, and 311 members
  Merging duplicate type and member information
  Merged 0 duplicate type(s) and 0 duplicate member(s)
G‚n‚ration du projet &quot;C:\Users\sur\source\repos\ProjectCPNVPersoGYRE\ADsFusion\Documentations\Help\Working\GenerateRefInfo-65739de4-e618-46b7-9a64-23daec34d288.proj&quot; termin‚e (cibles par d‚faut).
    Last step completed in 00:00:00.8083
</buildStep>
<buildStep step="ApplyDocumentModel">
Applying document model to reflection output...
    Last step completed in 00:00:00.0579
</buildStep>
<buildStep step="AddApiTopicFilenames">
Adding topic filenames to API members...
    Last step completed in 00:00:00.0107
</buildStep>
<buildStep step="GenerateApiTopicManifest">
Generating API topic manifest...
    Last step completed in 00:00:00.0090
</buildStep>
<buildStep step="GenerateNamespaceSummaries">
Generating namespace summary information...
    Last step completed in 00:00:00.0873
</buildStep>
<buildStep step="GenerateInheritedDocumentation">
Generating inherited documentation...
[C:\Program Files\Microsoft Visual Studio\2022\Community\MSBuild\Current\Bin\amd64\MSBuild.exe - GenerateInheritedDocs.proj]

    Last step completed in 00:00:00.3209
</buildStep>
<buildStep step="CopyAdditionalContent">
Copying additional content files...
No additional content to copy
    Last step completed in 00:00:00.0020
</buildStep>
<buildStep step="MergeTablesOfContents">
Merging conceptual and additional tables of contents...
    Last step completed in 00:00:00.0011
</buildStep>
<buildStep step="GenerateIntermediateTableOfContents">
Generating intermediate table of contents file for API content...
Generating conceptual content intermediate TOC file...
    Last step completed in 00:00:00.0199
</buildStep>
<buildStep step="CreateBuildAssemblerConfigs">
Creating Sandcastle configuration files...
    Last step completed in 00:00:00.0881
</buildStep>
<buildStep step="CombiningIntermediateTocFiles">
Combining conceptual and API intermediate TOC files...
    Last step completed in 00:00:00.0197
</buildStep>
<buildStep step="MergeCustomConfigs">
Merging custom build component configurations
C:\Users\sur\source\repos\ProjectCPNVPersoGYRE\ADsFusion\Documentations\Help\Working\BuildAssembler.config
  Updating reference topic configurations.
  No conceptual content.  Removing conceptual content components.
    Last step completed in 00:00:00.0166
</buildStep>
<buildStep step="BuildTopics">
Building help topics...
<plugIn name="Website Table of Contents Generator" behavior="Before" priority="1000">
Loading TOC info and adding unique IDs to parent nodes
</plugIn>Loading configuration...
Processing topics...
Processed 337 topic(s)
CopyFromIndexComponent: &quot;reflection&quot; in-memory cache entries used: 7 of 15.
CopyFromIndexComponent: &quot;comments&quot; in-memory cache entries used: 1 of 30.
<plugIn name="Website Table of Contents Generator" behavior="After" priority="1000">
Generating TOC fragment files
</plugIn>    Last step completed in 00:00:03.8275
</buildStep>
<buildStep step="CopyStandardHelpContent">
Copying standard help content...
C:\Program Files (x86)\EWSoftware\Sandcastle Help File Builder\Components\Default2022\css\bulma.css -&gt; C:\Users\sur\source\repos\ProjectCPNVPersoGYRE\ADsFusion\Documentations\Help\Working\Output\Website\css\bulma.css
C:\Program Files (x86)\EWSoftware\Sandcastle Help File Builder\Components\Default2022\css\bulma.css.map -&gt; C:\Users\sur\source\repos\ProjectCPNVPersoGYRE\ADsFusion\Documentations\Help\Working\Output\Website\css\bulma.css.map
C:\Program Files (x86)\EWSoftware\Sandcastle Help File Builder\Components\Default2022\css\bulma.min.css -&gt; C:\Users\sur\source\repos\ProjectCPNVPersoGYRE\ADsFusion\Documentations\Help\Working\Output\Website\css\bulma.min.css
C:\Program Files (x86)\EWSoftware\Sandcastle Help File Builder\Components\Default2022\css\font-awesome.css -&gt; C:\Users\sur\source\repos\ProjectCPNVPersoGYRE\ADsFusion\Documentations\Help\Working\Output\Website\css\font-awesome.css
C:\Program Files (x86)\EWSoftware\Sandcastle Help File Builder\Components\Default2022\css\font-awesome.min.css -&gt; C:\Users\sur\source\repos\ProjectCPNVPersoGYRE\ADsFusion\Documentations\Help\Working\Output\Website\css\font-awesome.min.css
C:\Program Files (x86)\EWSoftware\Sandcastle Help File Builder\Components\Default2022\css\ja-JP.css -&gt; C:\Users\sur\source\repos\ProjectCPNVPersoGYRE\ADsFusion\Documentations\Help\Working\Output\Website\css\ja-JP.css
C:\Program Files (x86)\EWSoftware\Sandcastle Help File Builder\Components\Default2022\css\ko-KR.css -&gt; C:\Users\sur\source\repos\ProjectCPNVPersoGYRE\ADsFusion\Documentations\Help\Working\Output\Website\css\ko-KR.css
C:\Program Files (x86)\EWSoftware\Sandcastle Help File Builder\Components\Default2022\css\presentationStyle.css -&gt; C:\Users\sur\source\repos\ProjectCPNVPersoGYRE\ADsFusion\Documentations\Help\Working\Output\Website\css\presentationStyle.css
C:\Program Files (x86)\EWSoftware\Sandcastle Help File Builder\Components\Default2022\css\vs.min.css -&gt; C:\Users\sur\source\repos\ProjectCPNVPersoGYRE\ADsFusion\Documentations\Help\Working\Output\Website\css\vs.min.css
C:\Program Files (x86)\EWSoftware\Sandcastle Help File Builder\Components\Default2022\css\zh-CN.css -&gt; C:\Users\sur\source\repos\ProjectCPNVPersoGYRE\ADsFusion\Documentations\Help\Working\Output\Website\css\zh-CN.css
C:\Program Files (x86)\EWSoftware\Sandcastle Help File Builder\Components\Default2022\css\zh-TW.css -&gt; C:\Users\sur\source\repos\ProjectCPNVPersoGYRE\ADsFusion\Documentations\Help\Working\Output\Website\css\zh-TW.css
C:\Program Files (x86)\EWSoftware\Sandcastle Help File Builder\Components\Default2022\icons\favicon.ico -&gt; C:\Users\sur\source\repos\ProjectCPNVPersoGYRE\ADsFusion\Documentations\Help\Working\Output\Website\icons\favicon.ico
C:\Program Files (x86)\EWSoftware\Sandcastle Help File Builder\Components\Default2022\scripts\clipboard.min.js -&gt; C:\Users\sur\source\repos\ProjectCPNVPersoGYRE\ADsFusion\Documentations\Help\Working\Output\Website\scripts\clipboard.min.js
C:\Program Files (x86)\EWSoftware\Sandcastle Help File Builder\Components\Default2022\scripts\highlight.min.js -&gt; C:\Users\sur\source\repos\ProjectCPNVPersoGYRE\ADsFusion\Documentations\Help\Working\Output\Website\scripts\highlight.min.js
C:\Program Files (x86)\EWSoftware\Sandcastle Help File Builder\Components\Default2022\scripts\jquery-3.5.1.min.js -&gt; C:\Users\sur\source\repos\ProjectCPNVPersoGYRE\ADsFusion\Documentations\Help\Working\Output\Website\scripts\jquery-3.5.1.min.js
C:\Program Files (x86)\EWSoftware\Sandcastle Help File Builder\Components\Default2022\scripts\presentationStyle.js -&gt; C:\Users\sur\source\repos\ProjectCPNVPersoGYRE\ADsFusion\Documentations\Help\Working\Output\Website\scripts\presentationStyle.js
C:\Program Files (x86)\EWSoftware\Sandcastle Help File Builder\Components\Default2022\webfonts\fa-brands-400.ttf -&gt; C:\Users\sur\source\repos\ProjectCPNVPersoGYRE\ADsFusion\Documentations\Help\Working\Output\Website\webfonts\fa-brands-400.ttf
C:\Program Files (x86)\EWSoftware\Sandcastle Help File Builder\Components\Default2022\webfonts\fa-brands-400.woff2 -&gt; C:\Users\sur\source\repos\ProjectCPNVPersoGYRE\ADsFusion\Documentations\Help\Working\Output\Website\webfonts\fa-brands-400.woff2
C:\Program Files (x86)\EWSoftware\Sandcastle Help File Builder\Components\Default2022\webfonts\fa-regular-400.ttf -&gt; C:\Users\sur\source\repos\ProjectCPNVPersoGYRE\ADsFusion\Documentations\Help\Working\Output\Website\webfonts\fa-regular-400.ttf
C:\Program Files (x86)\EWSoftware\Sandcastle Help File Builder\Components\Default2022\webfonts\fa-regular-400.woff2 -&gt; C:\Users\sur\source\repos\ProjectCPNVPersoGYRE\ADsFusion\Documentations\Help\Working\Output\Website\webfonts\fa-regular-400.woff2
C:\Program Files (x86)\EWSoftware\Sandcastle Help File Builder\Components\Default2022\webfonts\fa-solid-900.ttf -&gt; C:\Users\sur\source\repos\ProjectCPNVPersoGYRE\ADsFusion\Documentations\Help\Working\Output\Website\webfonts\fa-solid-900.ttf
C:\Program Files (x86)\EWSoftware\Sandcastle Help File Builder\Components\Default2022\webfonts\fa-solid-900.woff2 -&gt; C:\Users\sur\source\repos\ProjectCPNVPersoGYRE\ADsFusion\Documentations\Help\Working\Output\Website\webfonts\fa-solid-900.woff2
C:\Program Files (x86)\EWSoftware\Sandcastle Help File Builder\Components\Default2022\webfonts\fa-v4compatibility.ttf -&gt; C:\Users\sur\source\repos\ProjectCPNVPersoGYRE\ADsFusion\Documentations\Help\Working\Output\Website\webfonts\fa-v4compatibility.ttf
C:\Program Files (x86)\EWSoftware\Sandcastle Help File Builder\Components\Default2022\webfonts\fa-v4compatibility.woff2 -&gt; C:\Users\sur\source\repos\ProjectCPNVPersoGYRE\ADsFusion\Documentations\Help\Working\Output\Website\webfonts\fa-v4compatibility.woff2
C:\Program Files (x86)\EWSoftware\Sandcastle Help File Builder\Components\Default2022\RootWebsiteContent\GeneralError.html -&gt; C:\Users\sur\source\repos\ProjectCPNVPersoGYRE\ADsFusion\Documentations\Help\Working\Output\Website\GeneralError.html
C:\Program Files (x86)\EWSoftware\Sandcastle Help File Builder\Components\Default2022\RootWebsiteContent\index.html -&gt; C:\Users\sur\source\repos\ProjectCPNVPersoGYRE\ADsFusion\Documentations\Help\Working\Output\Website\index.html
C:\Program Files (x86)\EWSoftware\Sandcastle Help File Builder\Components\Default2022\RootWebsiteContent\PageNotFound.html -&gt; C:\Users\sur\source\repos\ProjectCPNVPersoGYRE\ADsFusion\Documentations\Help\Working\Output\Website\PageNotFound.html
C:\Program Files (x86)\EWSoftware\Sandcastle Help File Builder\Components\Default2022\RootWebsiteContent\search.html -&gt; C:\Users\sur\source\repos\ProjectCPNVPersoGYRE\ADsFusion\Documentations\Help\Working\Output\Website\search.html
C:\Program Files (x86)\EWSoftware\Sandcastle Help File Builder\Components\Default2022\RootWebsiteContent\SearchHelp.aspx -&gt; C:\Users\sur\source\repos\ProjectCPNVPersoGYRE\ADsFusion\Documentations\Help\Working\Output\Website\SearchHelp.aspx
C:\Program Files (x86)\EWSoftware\Sandcastle Help File Builder\Components\Default2022\RootWebsiteContent\SearchHelp.inc.php -&gt; C:\Users\sur\source\repos\ProjectCPNVPersoGYRE\ADsFusion\Documentations\Help\Working\Output\Website\SearchHelp.inc.php
C:\Program Files (x86)\EWSoftware\Sandcastle Help File Builder\Components\Default2022\RootWebsiteContent\SearchHelp.php -&gt; C:\Users\sur\source\repos\ProjectCPNVPersoGYRE\ADsFusion\Documentations\Help\Working\Output\Website\SearchHelp.php
C:\Program Files (x86)\EWSoftware\Sandcastle Help File Builder\Components\Default2022\RootWebsiteContent\Web.Config -&gt; C:\Users\sur\source\repos\ProjectCPNVPersoGYRE\ADsFusion\Documentations\Help\Working\Output\Website\Web.Config
    Last step completed in 00:00:00.1349
</buildStep>
<buildStep step="GenerateFullTextIndex">
Generating full-text index for the website...

    Last step completed in 00:00:00.1420
</buildStep>
<buildStep step="CopyingWebsiteFiles">
Copying website files to output folder...

Copied 421 files for the website content
    Last step completed in 00:00:00.2721
</buildStep>
<buildStep step="CleanIntermediates">
Removing intermediate files...
    Last step completed in 00:00:00.0769
</buildStep>
<buildStep step="Completed">

Build completed successfully at 22.09.2023 11:20:30.  Total time: 00:00:06.5513

</buildStep>
</shfbBuild>
